<?xml version="1.0" encoding="UTF-8"?>
<!-- Generated by org.testng.reporters.JUnitXMLReporter -->
<testsuite ignored="0" hostname="DESKTOP-6PBEHV5" failures="0" tests="2" name="ErrorValidation" time="30.9" errors="0" timestamp="2025-03-31T15:15:26 NZDT">
  <testcase classname="rahulShettyAcademy.Tests.ErrorValidationTest" name="loginErrorValidation" time="5.917"/>
  <testcase classname="rahulShettyAcademy.Tests.ErrorValidationTest" name="productErrorValidation" time="14.647"/>
</testsuite> <!-- ErrorValidation -->
