<?xml version="1.0" encoding="UTF-8"?>
<!-- Generated by org.testng.reporters.JUnitXMLReporter -->
<testsuite ignored="0" hostname="DESKTOP-6PBEHV5" failures="0" tests="3" name="SubmitOrder" time="50.874" errors="0" timestamp="2025-03-31T15:14:55 NZDT">
  <testcase classname="rahulShettyAcademy.Tests.SubmitOrderTest_PageObjectModel" name="submitOrder" time="7.574"/>
  <testcase classname="rahulShettyAcademy.Tests.SubmitOrderTest_PageObjectModel" name="submitOrder" time="18.86"/>
  <testcase classname="rahulShettyAcademy.Tests.SubmitOrderTest_PageObjectModel" name="OrderHistoryTest" time="1.25"/>
</testsuite> <!-- SubmitOrder -->
