<?xml version="1.0" encoding="UTF-8"?>
<!-- Generated by org.testng.reporters.JUnitXMLReporter -->
<testsuite ignored="0" hostname="DESKTOP-6PBEHV5" failures="0" tests="2" name="ErrorValidation" time="55.311" errors="0" timestamp="2025-04-02T00:59:23 NZDT">
  <testcase classname="rahulShettyAcademy.Tests.ErrorValidationTest" name="loginErrorValidation" time="1.187"/>
  <testcase classname="rahulShettyAcademy.Tests.ErrorValidationTest" name="productErrorValidation" time="14.698"/>
</testsuite> <!-- ErrorValidation -->
