<?xml version="1.0" encoding="UTF-8"?>
<!-- Generated by org.testng.reporters.JUnitXMLReporter -->
<testsuite ignored="1" hostname="DESKTOP-6PBEHV5" failures="0" tests="2" name="SubmitOrder" time="57.891" errors="0" timestamp="2025-03-29T01:29:07 NZDT">
  <testcase classname="rahulShettyAcademy.Tests.SubmitOrderTest_PageObjectModel" name="submitOrder" time="19.622"/>
  <testcase classname="rahulShettyAcademy.Tests.SubmitOrderTest_PageObjectModel" name="submitOrder" time="18.602"/>
  <testcase classname="rahulShettyAcademy.Tests.SubmitOrderTest_PageObjectModel" name="OrderHistoryTest" time="0.0">
    <ignored/>
  </testcase> <!-- OrderHistoryTest -->
</testsuite> <!-- SubmitOrder -->
