<?xml version="1.0" encoding="UTF-8"?>
<!-- Generated by org.testng.reporters.JUnitXMLReporter -->
<testsuite ignored="0" hostname="DESKTOP-6PBEHV5" failures="0" tests="3" name="SubmitOrder" time="92.355" errors="0" timestamp="2025-04-02T00:58:28 NZDT">
  <testcase classname="rahulShettyAcademy.Tests.SubmitOrderTest_PageObjectModel" name="submitOrder" time="18.582"/>
  <testcase classname="rahulShettyAcademy.Tests.SubmitOrderTest_PageObjectModel" name="submitOrder" time="7.706"/>
  <testcase classname="rahulShettyAcademy.Tests.SubmitOrderTest_PageObjectModel" name="OrderHistoryTest" time="1.33"/>
</testsuite> <!-- SubmitOrder -->
