<?xml version="1.0" encoding="UTF-8"?>
<testng-results ignored="0" total="5" passed="5" failed="0" skipped="0">
  <reporter-output>
  </reporter-output>
  <suite started-at="2025-04-02T00:56:55 NZDT" name="Suite" finished-at="2025-04-02T00:59:23 NZDT" duration-ms="148344">
    <groups>
      <group name="Purchase">
        <method signature="SubmitOrderTest_PageObjectModel.submitOrder(java.util.HashMap)[pri:0, instance:rahulShettyAcademy.Tests.SubmitOrderTest_PageObjectModel@aba625]" name="submitOrder" class="rahulShettyAcademy.Tests.SubmitOrderTest_PageObjectModel"/>
      </group> <!-- Purchase -->
      <group name="ErrorHanding">
        <method signature="ErrorValidationTest.loginErrorValidation()[pri:0, instance:rahulShettyAcademy.Tests.ErrorValidationTest@45efd90f]" name="loginErrorValidation" class="rahulShettyAcademy.Tests.ErrorValidationTest"/>
        <method signature="ErrorValidationTest.productErrorValidation()[pri:0, instance:rahulShettyAcademy.Tests.ErrorValidationTest@45efd90f]" name="productErrorValidation" class="rahulShettyAcademy.Tests.ErrorValidationTest"/>
      </group> <!-- ErrorHanding -->
    </groups>
    <test started-at="2025-04-02T00:56:55 NZDT" name="SubmitOrder" finished-at="2025-04-02T00:58:27 NZDT" duration-ms="92355">
      <class name="rahulShettyAcademy.Tests.SubmitOrderTest_PageObjectModel">
        <test-method is-config="true" signature="launchApplication()[pri:0, instance:rahulShettyAcademy.Tests.SubmitOrderTest_PageObjectModel@aba625]" started-at="2025-04-02T00:56:55 NZDT" name="launchApplication" finished-at="2025-04-02T00:57:18 NZDT" duration-ms="22368" status="PASS">
          <reporter-output>
          </reporter-output>
        </test-method> <!-- launchApplication -->
        <test-method signature="submitOrder(java.util.HashMap)[pri:0, instance:rahulShettyAcademy.Tests.SubmitOrderTest_PageObjectModel@aba625]" started-at="2025-04-02T00:57:18 NZDT" name="submitOrder" data-provider="getData" finished-at="2025-04-02T00:57:36 NZDT" duration-ms="18582" status="PASS">
          <params>
            <param index="0">
              <value>
                <![CDATA[{password=Sairam81, email=depurusowmya@gmail.com, productName=ZARA COAT 3}]]>
              </value>
            </param>
          </params>
          <reporter-output>
          </reporter-output>
        </test-method> <!-- submitOrder -->
        <test-method is-config="true" signature="tearDown()[pri:0, instance:rahulShettyAcademy.Tests.SubmitOrderTest_PageObjectModel@aba625]" started-at="2025-04-02T00:57:36 NZDT" name="tearDown" finished-at="2025-04-02T00:57:37 NZDT" duration-ms="442" status="PASS">
          <reporter-output>
          </reporter-output>
        </test-method> <!-- tearDown -->
        <test-method is-config="true" signature="launchApplication()[pri:0, instance:rahulShettyAcademy.Tests.SubmitOrderTest_PageObjectModel@aba625]" started-at="2025-04-02T00:57:37 NZDT" name="launchApplication" finished-at="2025-04-02T00:58:02 NZDT" duration-ms="25215" status="PASS">
          <reporter-output>
          </reporter-output>
        </test-method> <!-- launchApplication -->
        <test-method signature="submitOrder(java.util.HashMap)[pri:0, instance:rahulShettyAcademy.Tests.SubmitOrderTest_PageObjectModel@aba625]" started-at="2025-04-02T00:58:02 NZDT" name="submitOrder" data-provider="getData" finished-at="2025-04-02T00:58:10 NZDT" duration-ms="7706" status="PASS">
          <params>
            <param index="0">
              <value>
                <![CDATA[{password=Iamking@000, email=anshika@gmail.com, productName=ADIDAS ORIGINAL}]]>
              </value>
            </param>
          </params>
          <reporter-output>
          </reporter-output>
        </test-method> <!-- submitOrder -->
        <test-method is-config="true" signature="tearDown()[pri:0, instance:rahulShettyAcademy.Tests.SubmitOrderTest_PageObjectModel@aba625]" started-at="2025-04-02T00:58:10 NZDT" name="tearDown" finished-at="2025-04-02T00:58:10 NZDT" duration-ms="486" status="PASS">
          <reporter-output>
          </reporter-output>
        </test-method> <!-- tearDown -->
        <test-method is-config="true" signature="launchApplication()[pri:0, instance:rahulShettyAcademy.Tests.SubmitOrderTest_PageObjectModel@aba625]" started-at="2025-04-02T00:58:10 NZDT" name="launchApplication" finished-at="2025-04-02T00:58:26 NZDT" duration-ms="15468" status="PASS">
          <reporter-output>
          </reporter-output>
        </test-method> <!-- launchApplication -->
        <test-method signature="OrderHistoryTest()[pri:0, instance:rahulShettyAcademy.Tests.SubmitOrderTest_PageObjectModel@aba625]" started-at="2025-04-02T00:58:26 NZDT" name="OrderHistoryTest" finished-at="2025-04-02T00:58:27 NZDT" depends-on-methods="rahulShettyAcademy.Tests.SubmitOrderTest_PageObjectModel.submitOrder" duration-ms="1330" status="PASS">
          <reporter-output>
          </reporter-output>
        </test-method> <!-- OrderHistoryTest -->
        <test-method is-config="true" signature="tearDown()[pri:0, instance:rahulShettyAcademy.Tests.SubmitOrderTest_PageObjectModel@aba625]" started-at="2025-04-02T00:58:27 NZDT" name="tearDown" finished-at="2025-04-02T00:58:27 NZDT" duration-ms="331" status="PASS">
          <reporter-output>
          </reporter-output>
        </test-method> <!-- tearDown -->
      </class> <!-- rahulShettyAcademy.Tests.SubmitOrderTest_PageObjectModel -->
    </test> <!-- SubmitOrder -->
    <test started-at="2025-04-02T00:58:28 NZDT" name="ErrorValidation" finished-at="2025-04-02T00:59:23 NZDT" duration-ms="55311">
      <class name="rahulShettyAcademy.Tests.ErrorValidationTest">
        <test-method is-config="true" signature="launchApplication()[pri:0, instance:rahulShettyAcademy.Tests.ErrorValidationTest@45efd90f]" started-at="2025-04-02T00:58:28 NZDT" name="launchApplication" finished-at="2025-04-02T00:58:41 NZDT" duration-ms="12802" status="PASS">
          <reporter-output>
          </reporter-output>
        </test-method> <!-- launchApplication -->
        <test-method signature="loginErrorValidation()[pri:0, instance:rahulShettyAcademy.Tests.ErrorValidationTest@45efd90f]" started-at="2025-04-02T00:58:41 NZDT" name="loginErrorValidation" finished-at="2025-04-02T00:58:42 NZDT" duration-ms="1187" status="PASS">
          <reporter-output>
          </reporter-output>
        </test-method> <!-- loginErrorValidation -->
        <test-method is-config="true" signature="tearDown()[pri:0, instance:rahulShettyAcademy.Tests.ErrorValidationTest@45efd90f]" started-at="2025-04-02T00:58:42 NZDT" name="tearDown" finished-at="2025-04-02T00:58:42 NZDT" duration-ms="308" status="PASS">
          <reporter-output>
          </reporter-output>
        </test-method> <!-- tearDown -->
        <test-method is-config="true" signature="launchApplication()[pri:0, instance:rahulShettyAcademy.Tests.ErrorValidationTest@45efd90f]" started-at="2025-04-02T00:58:42 NZDT" name="launchApplication" finished-at="2025-04-02T00:59:08 NZDT" duration-ms="25967" status="PASS">
          <reporter-output>
          </reporter-output>
        </test-method> <!-- launchApplication -->
        <test-method signature="productErrorValidation()[pri:0, instance:rahulShettyAcademy.Tests.ErrorValidationTest@45efd90f]" started-at="2025-04-02T00:59:08 NZDT" name="productErrorValidation" finished-at="2025-04-02T00:59:23 NZDT" duration-ms="14698" status="PASS">
          <reporter-output>
          </reporter-output>
        </test-method> <!-- productErrorValidation -->
        <test-method is-config="true" signature="tearDown()[pri:0, instance:rahulShettyAcademy.Tests.ErrorValidationTest@45efd90f]" started-at="2025-04-02T00:59:23 NZDT" name="tearDown" finished-at="2025-04-02T00:59:23 NZDT" duration-ms="340" status="PASS">
          <reporter-output>
          </reporter-output>
        </test-method> <!-- tearDown -->
      </class> <!-- rahulShettyAcademy.Tests.ErrorValidationTest -->
    </test> <!-- ErrorValidation -->
  </suite> <!-- Suite -->
</testng-results>
