<?xml version="1.0" encoding="UTF-8"?>
<testng-results ignored="0" total="1" passed="1" failed="0" skipped="0">
  <reporter-output>
  </reporter-output>
  <suite started-at="2025-03-31T15:38:33 NZDT" name="Surefire suite" finished-at="2025-03-31T15:39:24 NZDT" duration-ms="50794">
    <groups>
      <group name="cucumber">
        <method signature="AbstractTestNGCucumberTests.runScenario(io.cucumber.testng.PickleWrapper,io.cucumber.testng.FeatureWrapper)[pri:0, instance:cucumber.TestNGTestRunner@402bba4f]" name="runScenario" class="io.cucumber.testng.AbstractTestNGCucumberTests"/>
      </group> <!-- cucumber -->
    </groups>
    <test started-at="2025-03-31T15:38:33 NZDT" name="Surefire test" finished-at="2025-03-31T15:39:24 NZDT" duration-ms="50794">
      <class name="cucumber.TestNGTestRunner">
        <test-method is-config="true" signature="setUpClass(org.testng.ITestContext)[pri:0, instance:cucumber.TestNGTestRunner@402bba4f]" started-at="2025-03-31T15:38:33 NZDT" name="setUpClass" finished-at="2025-03-31T15:38:34 NZDT" duration-ms="1331" status="PASS">
          <params>
            <param index="0">
              <value>
                <![CDATA[org.testng.TestRunner@4596f8f3]]>
              </value>
            </param>
          </params>
          <reporter-output>
          </reporter-output>
        </test-method> <!-- setUpClass -->
        <test-method signature="runScenario(io.cucumber.testng.PickleWrapper,io.cucumber.testng.FeatureWrapper)[pri:0, instance:cucumber.TestNGTestRunner@402bba4f]" started-at="2025-03-31T15:38:34 NZDT" name="runScenario" description="Runs Cucumber Scenarios" data-provider="scenarios" finished-at="2025-03-31T15:39:24 NZDT" duration-ms="49269" status="PASS">
          <params>
            <param index="0">
              <value>
                <![CDATA["Positive Test of Submitting the order"]]>
              </value>
            </param>
            <param index="1">
              <value>
                <![CDATA["Purchase the order from Ecommerce Website"]]>
              </value>
            </param>
          </params>
          <reporter-output>
          </reporter-output>
        </test-method> <!-- runScenario -->
        <test-method is-config="true" signature="tearDownClass()[pri:0, instance:cucumber.TestNGTestRunner@402bba4f]" started-at="2025-03-31T15:39:24 NZDT" name="tearDownClass" finished-at="2025-03-31T15:39:24 NZDT" duration-ms="60" status="PASS">
          <reporter-output>
          </reporter-output>
        </test-method> <!-- tearDownClass -->
      </class> <!-- cucumber.TestNGTestRunner -->
    </test> <!-- Surefire test -->
  </suite> <!-- Surefire suite -->
</testng-results>
