<?xml version="1.0" encoding="UTF-8"?>
<testng-results ignored="0" total="5" passed="5" failed="0" skipped="0">
  <reporter-output>
  </reporter-output>
  <suite started-at="2025-03-31T15:14:04 NZDT" name="Suite" finished-at="2025-03-31T15:15:26 NZDT" duration-ms="82369">
    <groups>
      <group name="Purchase">
        <method signature="SubmitOrderTest_PageObjectModel.submitOrder(java.util.HashMap)[pri:0, instance:rahulShettyAcademy.Tests.SubmitOrderTest_PageObjectModel@1787f2a0]" name="submitOrder" class="rahulShettyAcademy.Tests.SubmitOrderTest_PageObjectModel"/>
      </group> <!-- Purchase -->
      <group name="ErrorHanding">
        <method signature="ErrorValidationTest.loginErrorValidation()[pri:0, instance:rahulShettyAcademy.Tests.ErrorValidationTest@3b79fd76]" name="loginErrorValidation" class="rahulShettyAcademy.Tests.ErrorValidationTest"/>
        <method signature="ErrorValidationTest.productErrorValidation()[pri:0, instance:rahulShettyAcademy.Tests.ErrorValidationTest@3b79fd76]" name="productErrorValidation" class="rahulShettyAcademy.Tests.ErrorValidationTest"/>
      </group> <!-- ErrorHanding -->
    </groups>
    <test started-at="2025-03-31T15:14:04 NZDT" name="SubmitOrder" finished-at="2025-03-31T15:14:54 NZDT" duration-ms="50874">
      <class name="rahulShettyAcademy.Tests.SubmitOrderTest_PageObjectModel">
        <test-method is-config="true" signature="launchApplication()[pri:0, instance:rahulShettyAcademy.Tests.SubmitOrderTest_PageObjectModel@1787f2a0]" started-at="2025-03-31T15:14:04 NZDT" name="launchApplication" finished-at="2025-03-31T15:14:13 NZDT" duration-ms="9360" status="PASS">
          <reporter-output>
          </reporter-output>
        </test-method> <!-- launchApplication -->
        <test-method signature="submitOrder(java.util.HashMap)[pri:0, instance:rahulShettyAcademy.Tests.SubmitOrderTest_PageObjectModel@1787f2a0]" started-at="2025-03-31T15:14:13 NZDT" name="submitOrder" data-provider="getData" finished-at="2025-03-31T15:14:21 NZDT" duration-ms="7574" status="PASS">
          <params>
            <param index="0">
              <value>
                <![CDATA[{password=Sairam81, email=depurusowmya@gmail.com, productName=ZARA COAT 3}]]>
              </value>
            </param>
          </params>
          <reporter-output>
          </reporter-output>
        </test-method> <!-- submitOrder -->
        <test-method is-config="true" signature="tearDown()[pri:0, instance:rahulShettyAcademy.Tests.SubmitOrderTest_PageObjectModel@1787f2a0]" started-at="2025-03-31T15:14:21 NZDT" name="tearDown" finished-at="2025-03-31T15:14:22 NZDT" duration-ms="936" status="PASS">
          <reporter-output>
          </reporter-output>
        </test-method> <!-- tearDown -->
        <test-method is-config="true" signature="launchApplication()[pri:0, instance:rahulShettyAcademy.Tests.SubmitOrderTest_PageObjectModel@1787f2a0]" started-at="2025-03-31T15:14:22 NZDT" name="launchApplication" finished-at="2025-03-31T15:14:29 NZDT" duration-ms="6760" status="PASS">
          <reporter-output>
          </reporter-output>
        </test-method> <!-- launchApplication -->
        <test-method signature="submitOrder(java.util.HashMap)[pri:0, instance:rahulShettyAcademy.Tests.SubmitOrderTest_PageObjectModel@1787f2a0]" started-at="2025-03-31T15:14:29 NZDT" name="submitOrder" data-provider="getData" finished-at="2025-03-31T15:14:48 NZDT" duration-ms="18860" status="PASS">
          <params>
            <param index="0">
              <value>
                <![CDATA[{password=Iamking@000, email=anshika@gmail.com, productName=ADIDAS ORIGINAL}]]>
              </value>
            </param>
          </params>
          <reporter-output>
          </reporter-output>
        </test-method> <!-- submitOrder -->
        <test-method is-config="true" signature="tearDown()[pri:0, instance:rahulShettyAcademy.Tests.SubmitOrderTest_PageObjectModel@1787f2a0]" started-at="2025-03-31T15:14:48 NZDT" name="tearDown" finished-at="2025-03-31T15:14:48 NZDT" duration-ms="322" status="PASS">
          <reporter-output>
          </reporter-output>
        </test-method> <!-- tearDown -->
        <test-method is-config="true" signature="launchApplication()[pri:0, instance:rahulShettyAcademy.Tests.SubmitOrderTest_PageObjectModel@1787f2a0]" started-at="2025-03-31T15:14:48 NZDT" name="launchApplication" finished-at="2025-03-31T15:14:53 NZDT" duration-ms="5063" status="PASS">
          <reporter-output>
          </reporter-output>
        </test-method> <!-- launchApplication -->
        <test-method signature="OrderHistoryTest()[pri:0, instance:rahulShettyAcademy.Tests.SubmitOrderTest_PageObjectModel@1787f2a0]" started-at="2025-03-31T15:14:53 NZDT" name="OrderHistoryTest" finished-at="2025-03-31T15:14:54 NZDT" depends-on-methods="rahulShettyAcademy.Tests.SubmitOrderTest_PageObjectModel.submitOrder" duration-ms="1250" status="PASS">
          <reporter-output>
          </reporter-output>
        </test-method> <!-- OrderHistoryTest -->
        <test-method is-config="true" signature="tearDown()[pri:0, instance:rahulShettyAcademy.Tests.SubmitOrderTest_PageObjectModel@1787f2a0]" started-at="2025-03-31T15:14:54 NZDT" name="tearDown" finished-at="2025-03-31T15:14:54 NZDT" duration-ms="286" status="PASS">
          <reporter-output>
          </reporter-output>
        </test-method> <!-- tearDown -->
      </class> <!-- rahulShettyAcademy.Tests.SubmitOrderTest_PageObjectModel -->
    </test> <!-- SubmitOrder -->
    <test started-at="2025-03-31T15:14:55 NZDT" name="ErrorValidation" finished-at="2025-03-31T15:15:26 NZDT" duration-ms="30900">
      <class name="rahulShettyAcademy.Tests.ErrorValidationTest">
        <test-method is-config="true" signature="launchApplication()[pri:0, instance:rahulShettyAcademy.Tests.ErrorValidationTest@3b79fd76]" started-at="2025-03-31T15:14:55 NZDT" name="launchApplication" finished-at="2025-03-31T15:14:58 NZDT" duration-ms="3303" status="PASS">
          <reporter-output>
          </reporter-output>
        </test-method> <!-- launchApplication -->
        <test-method signature="loginErrorValidation()[pri:0, instance:rahulShettyAcademy.Tests.ErrorValidationTest@3b79fd76]" started-at="2025-03-31T15:14:58 NZDT" name="loginErrorValidation" finished-at="2025-03-31T15:15:04 NZDT" duration-ms="5917" status="PASS">
          <reporter-output>
          </reporter-output>
        </test-method> <!-- loginErrorValidation -->
        <test-method is-config="true" signature="tearDown()[pri:0, instance:rahulShettyAcademy.Tests.ErrorValidationTest@3b79fd76]" started-at="2025-03-31T15:15:04 NZDT" name="tearDown" finished-at="2025-03-31T15:15:05 NZDT" duration-ms="360" status="PASS">
          <reporter-output>
          </reporter-output>
        </test-method> <!-- tearDown -->
        <test-method is-config="true" signature="launchApplication()[pri:0, instance:rahulShettyAcademy.Tests.ErrorValidationTest@3b79fd76]" started-at="2025-03-31T15:15:05 NZDT" name="launchApplication" finished-at="2025-03-31T15:15:11 NZDT" duration-ms="6276" status="PASS">
          <reporter-output>
          </reporter-output>
        </test-method> <!-- launchApplication -->
        <test-method signature="productErrorValidation()[pri:0, instance:rahulShettyAcademy.Tests.ErrorValidationTest@3b79fd76]" started-at="2025-03-31T15:15:11 NZDT" name="productErrorValidation" finished-at="2025-03-31T15:15:26 NZDT" duration-ms="14647" status="PASS">
          <reporter-output>
          </reporter-output>
        </test-method> <!-- productErrorValidation -->
        <test-method is-config="true" signature="tearDown()[pri:0, instance:rahulShettyAcademy.Tests.ErrorValidationTest@3b79fd76]" started-at="2025-03-31T15:15:26 NZDT" name="tearDown" finished-at="2025-03-31T15:15:26 NZDT" duration-ms="382" status="PASS">
          <reporter-output>
          </reporter-output>
        </test-method> <!-- tearDown -->
      </class> <!-- rahulShettyAcademy.Tests.ErrorValidationTest -->
    </test> <!-- ErrorValidation -->
  </suite> <!-- Suite -->
</testng-results>
